Traceback (most recent call last):
  File "app.py", line 124, in <module>
    app = create_app()
  File "app.py", line 116, in create_app
    app_instance = ForecastApp()
  File "app.py", line 25, in __init__
    self.manager = self.initialize_manager(self.config)
  File "app.py", line 51, in initialize_manager
    manager.add_data_to_sites_construction()
  File "/workspace/src/construction_sites_manager.py", line 66, in add_data_to_sites_construction
    self.df_construction = pd.read_excel(self.construction_file, sheet_name=self.sheet_name, engine='openpyxl')
  File "/usr/local/lib/python3.8/site-packages/pandas/util/_decorators.py", line 311, in wrapper
    return func(*args, **kwargs)
  File "/usr/local/lib/python3.8/site-packages/pandas/io/excel/_base.py", line 457, in read_excel
    io = ExcelFile(io, storage_options=storage_options, engine=engine)
  File "/usr/local/lib/python3.8/site-packages/pandas/io/excel/_base.py", line 1419, in __init__
    self._reader = self._engines[engine](self._io, storage_options=storage_options)
  File "/usr/local/lib/python3.8/site-packages/pandas/io/excel/_openpyxl.py", line 525, in __init__
    super().__init__(filepath_or_buffer, storage_options=storage_options)
  File "/usr/local/lib/python3.8/site-packages/pandas/io/excel/_base.py", line 508, in __init__
    self.handles = get_handle(
  File "/usr/local/lib/python3.8/site-packages/pandas/io/common.py", line 798, in get_handle
    handle = open(handle, ioargs.mode)
FileNotFoundError: [Errno 2] No such file or directory: '/home/cjy/wzj/gitlab/cmat-imbr-algorithm/data/gongdi.xlsx'
